<?xml version="1.0" encoding="UTF-8"?>
<testsuite xmlns:xsi="http://www.w3.org/2001/XMLSchema-instance" xsi:noNamespaceSchemaLocation="https://maven.apache.org/surefire/maven-surefire-plugin/xsd/surefire-test-report-3.0.xsd" version="3.0" name="aed.BestEffortTests" time="0.152" tests="8" errors="0" skipped="0" failures="0">
  <properties>
    <property name="java.specification.version" value="21"/>
    <property name="sun.jnu.encoding" value="UTF-8"/>
    <property name="java.class.path" value="/home/sf/Programming/aed-java/tp2/target/test-classes:/home/sf/Programming/aed-java/tp2/target/classes:/home/sf/.m2/repository/org/junit/jupiter/junit-jupiter-engine/5.9.2/junit-jupiter-engine-5.9.2.jar:/home/sf/.m2/repository/org/junit/platform/junit-platform-engine/1.9.2/junit-platform-engine-1.9.2.jar:/home/sf/.m2/repository/org/opentest4j/opentest4j/1.2.0/opentest4j-1.2.0.jar:/home/sf/.m2/repository/org/junit/platform/junit-platform-commons/1.9.2/junit-platform-commons-1.9.2.jar:/home/sf/.m2/repository/org/junit/jupiter/junit-jupiter-api/5.9.2/junit-jupiter-api-5.9.2.jar:/home/sf/.m2/repository/org/apiguardian/apiguardian-api/1.1.2/apiguardian-api-1.1.2.jar:"/>
    <property name="java.vm.vendor" value="Oracle Corporation"/>
    <property name="sun.arch.data.model" value="64"/>
    <property name="java.vendor.url" value="https://openjdk.org/"/>
    <property name="os.name" value="Linux"/>
    <property name="java.vm.specification.version" value="21"/>
    <property name="sun.java.launcher" value="SUN_STANDARD"/>
    <property name="user.country" value="US"/>
    <property name="sun.boot.library.path" value="/nix/store/shbjlh618syvrmn5xv8csk22bhr135b5-openjdk-headless-21.0.4+7/lib/openjdk/lib"/>
    <property name="sun.java.command" value="/home/sf/Programming/aed-java/tp2/target/surefire/surefirebooter-20241116212816658_3.jar /home/sf/Programming/aed-java/tp2/target/surefire 2024-11-16T21-28-16_532-jvmRun1 surefire-20241116212816658_1tmp surefire_0-20241116212816658_2tmp"/>
    <property name="jdk.debug" value="release"/>
    <property name="surefire.test.class.path" value="/home/sf/Programming/aed-java/tp2/target/test-classes:/home/sf/Programming/aed-java/tp2/target/classes:/home/sf/.m2/repository/org/junit/jupiter/junit-jupiter-engine/5.9.2/junit-jupiter-engine-5.9.2.jar:/home/sf/.m2/repository/org/junit/platform/junit-platform-engine/1.9.2/junit-platform-engine-1.9.2.jar:/home/sf/.m2/repository/org/opentest4j/opentest4j/1.2.0/opentest4j-1.2.0.jar:/home/sf/.m2/repository/org/junit/platform/junit-platform-commons/1.9.2/junit-platform-commons-1.9.2.jar:/home/sf/.m2/repository/org/junit/jupiter/junit-jupiter-api/5.9.2/junit-jupiter-api-5.9.2.jar:/home/sf/.m2/repository/org/apiguardian/apiguardian-api/1.1.2/apiguardian-api-1.1.2.jar:"/>
    <property name="sun.cpu.endian" value="little"/>
    <property name="user.home" value="/home/sf"/>
    <property name="user.language" value="en"/>
    <property name="java.specification.vendor" value="Oracle Corporation"/>
    <property name="java.version.date" value="2024-07-16"/>
    <property name="java.home" value="/nix/store/shbjlh618syvrmn5xv8csk22bhr135b5-openjdk-headless-21.0.4+7/lib/openjdk"/>
    <property name="file.separator" value="/"/>
    <property name="basedir" value="/home/sf/Programming/aed-java/tp2"/>
    <property name="java.vm.compressedOopsMode" value="32-bit"/>
    <property name="line.separator" value="&#10;"/>
    <property name="java.specification.name" value="Java Platform API Specification"/>
    <property name="java.vm.specification.vendor" value="Oracle Corporation"/>
    <property name="surefire.real.class.path" value="/home/sf/Programming/aed-java/tp2/target/surefire/surefirebooter-20241116212816658_3.jar"/>
    <property name="sun.management.compiler" value="HotSpot 64-Bit Tiered Compilers"/>
    <property name="java.runtime.version" value="21.0.4+7-nixos"/>
    <property name="user.name" value="sf"/>
    <property name="stdout.encoding" value="UTF-8"/>
    <property name="path.separator" value=":"/>
    <property name="os.version" value="6.6.52"/>
    <property name="java.runtime.name" value="OpenJDK Runtime Environment"/>
    <property name="file.encoding" value="UTF-8"/>
    <property name="java.vm.name" value="OpenJDK 64-Bit Server VM"/>
    <property name="localRepository" value="/home/sf/.m2/repository"/>
    <property name="java.vendor.url.bug" value="https://bugreport.java.com/bugreport/"/>
    <property name="java.io.tmpdir" value="/tmp"/>
    <property name="java.version" value="21.0.4"/>
    <property name="user.dir" value="/home/sf/Programming/aed-java/tp2"/>
    <property name="os.arch" value="amd64"/>
    <property name="java.vm.specification.name" value="Java Virtual Machine Specification"/>
    <property name="native.encoding" value="UTF-8"/>
    <property name="java.library.path" value="/usr/java/packages/lib:/usr/lib64:/lib64:/lib:/usr/lib"/>
    <property name="java.vm.info" value="mixed mode, sharing"/>
    <property name="stderr.encoding" value="UTF-8"/>
    <property name="java.vendor" value="N/A"/>
    <property name="java.vm.version" value="21.0.4+7-nixos"/>
    <property name="sun.io.unicode.encoding" value="UnicodeLittle"/>
    <property name="java.class.version" value="65.0"/>
  </properties>
  <testcase name="agregar_traslados" classname="aed.BestEffortTests" time="0.084"/>
  <testcase name="despachar_mas_viejo_de_a_varios" classname="aed.BestEffortTests" time="0.002"/>
  <testcase name="mayor_superavit" classname="aed.BestEffortTests" time="0.002"/>
  <testcase name="promedio_por_traslado" classname="aed.BestEffortTests" time="0.003"/>
  <testcase name="despachar_con_mas_ganancia_de_a_uno" classname="aed.BestEffortTests" time="0.002"/>
  <testcase name="despachar_mixtos" classname="aed.BestEffortTests" time="0.003"/>
  <testcase name="despachar_mas_viejo_de_a_uno" classname="aed.BestEffortTests" time="0.002"/>
  <testcase name="despachar_con_mas_ganancia_de_a_varios" classname="aed.BestEffortTests" time="0.002"/>
</testsuite>